0:100  0:100  MemLog inited, TSC freq: 2712400630
0:100  0:000  CPU was calibrated with RTC
0:100  0:000  
0:100  0:000  Now is 18.10.2019,  5:5:48 (GMT)
0:100  0:000  Starting Clover revision: 4928 on American Megatrends EFI
0:100  0:000  Build with: [Args: -mc --no-usb -D NO_GRUB_DRIVERS_EMBEDDED -t XCODE8 | -D DISABLE_USB_SUPPORT -D NO_GRUB_DRIVERS_EMBEDDED --conf=/Users/sky/src/edk2/Conf -D USE_BIOS_BLOCKIO -D USE_LOW_EBDA -a X64 -b RELEASE -t XCODE8 -n 5 | OS: 10.14.4 | XCODE: 10.2.1]
0:100  0:000  SelfDevicePath=PciRoot(0x0)\Pci(0x1D,0x0)\Pci(0x0,0x0)\NVMe(0x1,00-00-00-00-00-00-00-00)\HD(1,GPT,616CE45C-35C1-4124-AE0A-85CDA39B8216,0x28,0x64000) @7536A618
0:100  0:000  SelfDirPath = \EFI\BOOT
0:100  0:000  === [ Get Smbios ] ========================================
0:100  0:000  Type 16 Index = 0
0:100  0:000  Total Memory Slots Count = 2
0:100  0:000  Type 17 Index = 0
0:100  0:000  SmbiosTable.Type17->Speed = 2400MHz
0:100  0:000  SmbiosTable.Type17->Size = 16384MB
0:100  0:000  SmbiosTable.Type17->Bank/Device = Memory Channel A SODIMM1
0:100  0:000  SmbiosTable.Type17->Vendor = Kingston
0:100  0:000  SmbiosTable.Type17->SerialNumber = 645B0421
0:100  0:000  SmbiosTable.Type17->PartNumber = 99P5663-001.A00G    
0:100  0:000  Type 17 Index = 1
0:100  0:000  SmbiosTable.Type17->Speed = 2400MHz
0:100  0:000  SmbiosTable.Type17->Size = 16384MB
0:100  0:000  SmbiosTable.Type17->Bank/Device = Memory Channel B SODIMM2
0:100  0:000  SmbiosTable.Type17->Vendor = Kingston
0:100  0:000  SmbiosTable.Type17->SerialNumber = 685B041B
0:100  0:000  SmbiosTable.Type17->PartNumber = 99P5663-001.A00G    
0:100  0:000  Boot status=0
0:100  0:000  Running on: 'NUC8i7BEH' with board 'NUC8BEB'
0:100  0:000  === [ GetCPUProperties ] ==================================
0:100  0:000  CPU Vendor = 756E6547 Model=806EA
0:100  0:000   The CPU supported SSE4.1
0:100  0:000  BrandString = Intel(R) Core(TM) i7-8559U CPU @ 2.70GHz
0:100  0:000   The CPU supported turbo
0:100  0:000  MSR 0x35               40008
0:100  0:000   TSC/CCC Information Leaf:
0:100  0:000    numerator     : 226
0:100  0:000    denominator   : 2
0:100  0:000   Calibrated ARTFrequency: 24003545
0:100  0:000  MSR 0xE2 before patch 1E008008
0:100  0:000  MSR 0xE2 is locked, PM patches will be turned on
0:100  0:000  MSR 0xCE              0204043B_F1011B00
0:100  0:000  corrected FLEX_RATIO = 0
0:100  0:000  MSR 0x1B0             00000000
0:100  0:000  FSBFrequency = 86 MHz, DMI FSBFrequency = 100 MHz, Corrected FSBFrequency = 100 MHz
0:100  0:000  MaxDiv/MinDiv: 27.0/4
0:100  0:000  Turbo: 41/42/45/45
0:100  0:000  Features: 0xBFEBFBFF
0:100  0:000  Threads: 8
0:100  0:000  Cores: 4
0:100  0:000  FSB: 100 MHz
0:100  0:000  CPU: 2300 MHz
0:100  0:000  TSC: 2300 MHz
0:100  0:000  PIS: 100 MHz
0:100  0:000  ExternalClock: 25 MHz
0:100  0:000  === [ GetDevices ] ========================================
0:100  0:000  PCI (00|00:00.00) : 8086 3ED0 class=060000
0:100  0:000  PCI (00|00:02.00) : 8086 3EA5 class=030000
0:100  0:000   - GFX: Model=Intel Iris Plus Graphics 655 (Intel)
0:100  0:000  PCI (00|00:08.00) : 8086 1911 class=088000
0:101  0:000  PCI (00|00:12.00) : 8086 9DF9 class=118000
0:101  0:000  PCI (00|00:14.00) : 8086 9DED class=0C0330
0:101  0:000  PCI (00|00:14.02) : 8086 9DEF class=050000
0:101  0:000  PCI (00|00:14.03) : 8086 9DF0 class=028000
0:101  0:000   - WIFI: Vendor=Intel
0:101  0:000  PCI (00|00:16.00) : 8086 9DE0 class=078000
0:101  0:000  PCI (00|00:17.00) : 8086 9DD3 class=010601
0:101  0:000  PCI (00|00:1C.00) : 8086 9DB8 class=060400
0:101  0:000  PCI (00|00:1C.04) : 8086 9DBC class=060400
0:101  0:000  PCI (00|00:1D.00) : 8086 9DB0 class=060400
0:101  0:000  PCI (00|6D:00.00) : 8086 F1A6 class=010802
0:101  0:000  PCI (00|00:1D.06) : 8086 9DB6 class=060400
0:101  0:000  PCI (00|6E:00.00) : 10EC 522A class=FF0000
0:101  0:000  PCI (00|00:1F.00) : 8086 9D84 class=060100
0:101  0:000  PCI (00|00:1F.03) : 8086 9DC8 class=040380
0:101  0:000  PCI (00|00:1F.04) : 8086 9DA3 class=0C0500
0:101  0:000  PCI (00|00:1F.05) : 8086 9DA4 class=0C8000
0:101  0:000  PCI (00|00:1F.06) : 8086 15BE class=020000
0:101  0:000   - LAN: 0 Vendor=Intel
0:101  0:000  === [ GetDefaultSettings ] ================================
0:101  0:000  Clover load options size = 0 bytes
0:103  0:001  EFI\CLOVER\config.plist loaded: Success
0:103  0:000  === [ GetListOfThemes ] ===================================
0:103  0:000  - [00]: Retina
0:104  0:000  - [01]: random
0:104  0:000  - [01]: embedded
0:104  0:000  - [01]: Hackintosh_ID
0:105  0:000  === [ Found config plists ] ===============================
0:105  0:000  - config_bk.plist
0:105  0:000  - config.plist
0:105  0:000  === [ GetEarlyUserSettings ] ==============================
0:105  0:000  timeout set to 3
0:105  0:000  Custom boot CUSTOM_BOOT_DISABLED (0x0)
0:105  0:000  KextsToPatch: 1 requested
0:105  0:000   - [00]: com.apple.iokit.IOAHCIBlockStorage (Enable TRIM for SSD) :: BinPatch :: data len: 11
0:105  0:000   - patch disabled at config
0:105  0:000  KernelToPatch: 2 requested
0:105  0:000   - [00]: MSR 0xE2 _xcpm_idle instant reboot(c) Pike R. Alpha :: data len: 8
0:105  0:000   - [01]: Disable panic kext logging on 10.14 release kernel (credit vit9696) :: MatchOS: 10.14.x :: data len: 6
0:106  0:000  Default theme: Hackintosh_ID
0:106  0:000  Hiding entries with string Preboot
0:106  0:000  Hiding entries with string Recovery
0:106  0:000  Hiding entries with string FileVault
0:106  0:000  === [ LoadDrivers ] =======================================
0:106  0:000  Loading HFSPlus-64.efi  status=Success
0:109  0:002   - driver needs connecting
0:109  0:000  Loading PartitionDxe-64.efi  status=Success
0:112  0:002   - driver needs connecting
0:112  0:000  Loading DataHubDxe-64.efi  status=Success
0:116  0:004  Loading FSInject-64.efi  status=Success
0:119  0:002  Loading ApfsDriverLoader-64.efi  status=Success
0:122  0:002   - driver needs connecting
0:122  0:000  Loading EmuVariableUefi-64.efi  status=Success
0:124  0:002  EmuVariableUefi Initialize: VariableCommonInitialize = Success, orig services stored, install gEmuVariableControlProtocolGuid = Success
0:124  0:000  Loading NvmExpressDxe-64.efi  status=Success
0:127  0:002   - driver needs connecting
0:127  0:000  Loading AudioDxe-64.efi  status=Success
0:130  0:003   - driver needs connecting
0:130  0:000  Loading OsxAptioFixDrv-64.efi  status=Success
0:133  0:002  5 drivers needs connecting ...
0:133  0:000  PlatformDriverOverrideProtocol not found. Installing ... Success
0:133  0:000  Partition driver loaded: 
0:133  0:000  HFS+ driver loaded
0:133  0:000  APFS driver loaded
0:133  0:000  Searching for invalid DiskIo BY_DRIVER connects: not found, all ok
4:031  3:897  EmuVariable InstallEmulation: orig vars copied, emu.var.services installed, CreateEvent VirtualAddressChange = Success, CreateEvent ExitBootServices = Success, set Status=Success
4:066  0:035  === [ InitScreen ] ========================================
4:066  0:000  Console modes reported: 6, available modes:
4:067  0:000   - [01]: 160x53 (current mode)
4:067  0:000   - [02]: 80x50
4:067  0:000   - [03]: 100x31
4:067  0:000   - [06]: 128x40
4:067  0:000  SetScreenResolution: 1920x1080 - not found!
4:067  0:000  SetMaxResolution: found best mode 0: 1280x1024
4:067  0:000   - already set
4:067  0:000  reinit: self device path=PciRoot(0x0)\Pci(0x1D,0x0)\Pci(0x0,0x0)\NVMe(0x1,00-00-00-00-00-00-00-00)\HD(1,GPT,616CE45C-35C1-4124-AE0A-85CDA39B8216,0x28,0x64000)
4:067  0:000  === [ GetMacAddress ] =====================================
4:067  0:000  === [ ScanSPD ] ===========================================
4:067  0:000  Scanning SMBus [8086:9DA3], mmio: 0x4AC16004, ioport: 0xEFA0, hostc: 0x11
4:085  0:018  Slot: 0 Type 26 16384MB 2400MHz Vendor=Kingston PartNo=99P5663-001.A00G SerialNo=0604050B00040201
4:104  0:018  Slot: 2 Type 26 16384MB 2400MHz Vendor=Kingston PartNo=99P5663-001.A00G SerialNo=0608050B0004010B
4:105  0:000  === [ GetAcpiTablesList ] =================================
4:105  0:000  Get Acpi Tables List from RSDT:
4:105  0:000   - [00]: FACP  NUC8i7BE len=132
4:105  0:000   - [01]: APIC  NUC8i7BE len=188
4:105  0:000   - [02]: FPDT  NUC8i7BE len=68
4:105  0:000   - [03]: FIDT  NUC8i7BE len=156
4:105  0:000   - [04]: MCFG  NUC8i7BE len=60
4:105  0:000   - [05]: SSDT  NUC8i7BE len=6940
4:105  0:000   - [06]: SSDT  NUC8i7BE len=12742
4:105  0:000   - [07]: HPET  NUC8i7BE len=56
4:105  0:000   - [08]: SSDT  NUC8i7BE len=4014
4:105  0:000   - [09]: SSDT  NUC8i7BE len=12360
4:105  0:000   - [10]: UEFI  NUC8i7BE len=66
4:105  0:000   - [11]: LPIT  NUC8i7BE len=92
4:105  0:000   - [12]: SSDT  NUC8i7BE len=10206
4:105  0:000   - [13]: SSDT  NUC8i7BE len=2232
4:105  0:000   - [14]: DBGP  NUC8i7BE len=52
4:105  0:000   - [15]: DBG2  NUC8i7BE len=84
4:105  0:000   - [16]: DMAR  NUC8i7BE len=168
4:105  0:000   - [17]: SSDT  NUC8i7BE len=324
4:105  0:000   - [18]: NHLT  NUC8i7BE len=45
4:105  0:000   - [19]: BGRT  NUC8i7BE len=56
4:105  0:000   - [20]: TPM2  NUC8i7BE len=52
4:105  0:000   - [21]: WSMT  NUC8i7BE len=40
4:105  0:000  Calibrated TSC Frequency = 2712400630 = 2712MHz
4:105  0:000  === [ GetUserSettings ] ===================================
4:105  0:000  Add 2 devices:
4:105  0:000  USB FixOwnership: no
4:105  0:000   - final DSDT Fix mask=00200000
4:105  0:000  PatchesDSDT: 9 requested
4:105  0:000   - [00]: (Fix RTC _STA bug) lenToFind: 8, lenToReplace: 8, Target Bridge: <null string>
4:105  0:000   - [01]: (change _OSI to XOSI) lenToFind: 4, lenToReplace: 4, Target Bridge: <null string>
4:105  0:000   - [02]: (change H_EC to EC) lenToFind: 4, lenToReplace: 4, Target Bridge: <null string>
4:105  0:000   - [03]: (change GFX0 to IGPU) lenToFind: 4, lenToReplace: 4, Target Bridge: <null string>
4:105  0:000   - [04]: (change HECI to IMEI) lenToFind: 4, lenToReplace: 4, Target Bridge: <null string>
4:105  0:000   - [05]: (change SAT0 to SATA) lenToFind: 4, lenToReplace: 4, Target Bridge: <null string>
4:105  0:000   - [06]: (change HDAS to HDEF) lenToFind: 4, lenToReplace: 4, Target Bridge: <null string>
4:105  0:000   - [07]: (change _DSM to XDSM) lenToFind: 4, lenToReplace: 4, Target Bridge: <null string>
4:105  0:000   - [08]: (change XDCI._STA to XDCI.XSTA) lenToFind: 4, lenToReplace: 4, Target Bridge: XDCI
4:105  0:000  Using ProductName from config: Macmini8,1
4:105  0:000  BiosVersion: not set, Using BiosVersion from clover
4:105  0:000  BiosVersion: MM81.88Z.F000.B00.1809171422
4:105  0:000  BiosReleaseDate: 09/17/2018
4:105  0:000  Using EfiVersion from clover: 220.260.154.0.0
4:105  0:000  Using FirmwareFeatures from clover: 0xFC0FE137
4:105  0:000  Using FirmwareFeaturesMask from clover: 0xFF1FFF3F
4:105  0:000  Using PlatformFeature from clover: 0x2
4:105  0:000  Converted CustomUUID 637B13C4-EF6D-41B5-A304-CB87BDD0EF9F
4:105  0:000  === [ Found DSDT tables ] =================================
4:158  0:052  === [ ScanVolumes ] =======================================
4:158  0:000  Found 8 volumes with blockIO
4:158  0:000  - [00]: Volume: PciRoot(0x0)\Pci(0x1D,0x0)\Pci(0x0,0x0)\NVMe(0x1,00-00-00-00-00-00-00-00)
4:158  0:000  - [01]: Volume: PciRoot(0x0)\Pci(0x1D,0x0)\Pci(0x0,0x0)\NVMe(0x1,00-00-00-00-00-00-00-00)\HD(1,GPT,616CE45C-35C1-4124-AE0A-85CDA39B8216,0x28,0x64000)
4:158  0:000          Result of bootcode detection: bootable unknown (legacy)
4:159  0:000          This is SelfVolume !!
4:159  0:000  - [02]: Volume: PciRoot(0x0)\Pci(0x1D,0x0)\Pci(0x0,0x0)\NVMe(0x1,00-00-00-00-00-00-00-00)\HD(2,GPT,8730F4F3-32A9-44AB-B4A5-D4853215FB2E,0x64028,0x1DC8F260)
4:159  0:000          Result of bootcode detection: bootable unknown (legacy)
4:159  0:000  - [03]: Volume: PciRoot(0x0)\Pci(0x1D,0x6)\Pci(0x0,0x0)
4:159  0:000  - [04]: Volume: PciRoot(0x0)\Pci(0x1D,0x0)\Pci(0x0,0x0)\NVMe(0x1,00-00-00-00-00-00-00-00)\HD(2,GPT,8730F4F3-32A9-44AB-B4A5-D4853215FB2E,0x64028,0x1DC8F260)\VenMedia(BE74FCF7-0B7C-49F3-9147-01F4042E6842,262A0318C29F4F419A97DC44EB6530D1)
4:159  0:000          hiding this volume
4:159  0:000  - [05]: Volume: PciRoot(0x0)\Pci(0x1D,0x0)\Pci(0x0,0x0)\NVMe(0x1,00-00-00-00-00-00-00-00)\HD(2,GPT,8730F4F3-32A9-44AB-B4A5-D4853215FB2E,0x64028,0x1DC8F260)\VenMedia(BE74FCF7-0B7C-49F3-9147-01F4042E6842,A3323D5C356CFC4088E392D543E0BF74)
4:159  0:000  - [06]: Volume: PciRoot(0x0)\Pci(0x1D,0x0)\Pci(0x0,0x0)\NVMe(0x1,00-00-00-00-00-00-00-00)\HD(2,GPT,8730F4F3-32A9-44AB-B4A5-D4853215FB2E,0x64028,0x1DC8F260)\VenMedia(BE74FCF7-0B7C-49F3-9147-01F4042E6842,7E19DE8B3D559F4A9D8C67A25553BA1F)
4:159  0:000          hiding this volume
4:159  0:000  - [07]: Volume: PciRoot(0x0)\Pci(0x1D,0x0)\Pci(0x0,0x0)\NVMe(0x1,00-00-00-00-00-00-00-00)\HD(2,GPT,8730F4F3-32A9-44AB-B4A5-D4853215FB2E,0x64028,0x1DC8F260)\VenMedia(BE74FCF7-0B7C-49F3-9147-01F4042E6842,5AEBEC4C045F434EBF31BDEFDAA938C8)
4:159  0:000  PutNvramPlistToRtVars: nvram.plist not found
4:159  0:000  found 2 handles with audio
4:159  0:000  No AudioIoDevice stored
4:159  0:000  no stored audio parameters
4:159  0:000  === [ InitTheme ] =========================================
4:159  0:000  use night theme
4:161  0:001  Using theme 'Hackintosh_ID' (EFI\CLOVER\themes\Hackintosh_ID)
4:161  0:000  OS main and drive as badge
4:161  0:000  file sound read: sound_night.wav Not Found
4:161  0:000  file sound read: sound.wav Not Found
4:162  0:000  Loading font from ThemeDir: Success
4:162  0:000  theme inited
4:162  0:000  Chosen theme Hackintosh_ID
4:162  0:000  after NVRAM boot-args=dart=0 darkwake=0
4:162  0:000  === [ Dump SMC keys from NVRAM ] ==========================
4:162  0:000  no AppleSMC protocol
4:163  0:000  === [ ScanLoader ] ========================================
4:163  0:000  - [01]: 'EFI'
4:163  0:000          AddLoaderEntry for Volume Name=EFI
4:163  0:000          skipped because entry is hidden
4:163  0:000  - [04]: 'Preboot', hidden
4:163  0:000  - [05]: 'HackintoshHD'
4:169  0:005          AddLoaderEntry for Volume Name=HackintoshHD
4:170  0:001      Check if volume Is Hibernated:
4:170  0:000      Check sleep image 'by signature':
4:172  0:002      read prefs \Library\Preferences\com.apple.PowerManagement.plist status=Success
4:173  0:000      using default sleep image name = \private\var\vm\sleepimage
4:174  0:001      sleepimage not found -> Not Found
4:174  0:000      hibernated: no - sign
4:178  0:003  - [06]: 'Recovery', hidden
4:178  0:000  - [07]: 'VM'
4:178  0:000  Scanning legacy ...
4:178  0:000  === [ AddCustomTool ] =====================================
4:178  0:000  found tool \EFI\CLOVER\tools\Shell64U.efi
4:178  0:000  Checking EFI partition Volume 1 for Clover
4:178  0:000   Found Clover
4:179  0:000  EmuVariable UninstallEmulation: CloseEvent = Success, original var services restored
4:180  0:001  EmuVariable InstallEmulation: orig vars copied, emu.var.services installed, CreateEvent VirtualAddressChange = Success, CreateEvent ExitBootServices = Success, set Status=Success
4:217  0:036  === [ GetEfiBootDeviceFromNvram ] =========================
4:217  0:000   - found entry 0. 'Boot macOS from HackintoshHD', Volume 'HackintoshHD', DevicePath 'PciRoot(0x0)\Pci(0x1D,0x0)\Pci(0x0,0x0)\NVMe(0x1,00-00-00-00-00-00-00-00)\HD(2,GPT,8730F4F3-32A9-44AB-B4A5-D4853215FB2E,0x64028,0x1DC8F260)\VenMedia(BE74FCF7-0B7C-49F3-9147-01F4042E6842,A3323D5C356CFC4088E392D543E0BF74)\System\Library\CoreServices\boot.efii'
4:217  0:000  EmuVariable UninstallEmulation: CloseEvent = Success, original var services restored
4:217  0:000  DefaultIndex=0 and MainMenu.EntryCount=7
4:334  0:117  GUI ready
14:328  9:993  Start Tool: \EFI\CLOVER\tools\Shell64U.efi
14:396  0:068  Loading Shell64U.efi  status=Success
26:517  12:121  ReinitSelfLib after theme change
26:517  0:000  reinit: self device path=PciRoot(0x0)\Pci(0x1D,0x0)\Pci(0x0,0x0)\NVMe(0x1,00-00-00-00-00-00-00-00)\HD(1,GPT,616CE45C-35C1-4124-AE0A-85CDA39B8216,0x28,0x64000)
26:517  0:000  === [ ScanVolumes ] =======================================
26:517  0:000  Found 8 volumes with blockIO
26:517  0:000  - [00]: Volume: PciRoot(0x0)\Pci(0x1D,0x0)\Pci(0x0,0x0)\NVMe(0x1,00-00-00-00-00-00-00-00)
26:517  0:000  - [01]: Volume: PciRoot(0x0)\Pci(0x1D,0x0)\Pci(0x0,0x0)\NVMe(0x1,00-00-00-00-00-00-00-00)\HD(1,GPT,616CE45C-35C1-4124-AE0A-85CDA39B8216,0x28,0x64000)
26:518  0:000          Result of bootcode detection: bootable unknown (legacy)
26:518  0:000          This is SelfVolume !!
26:518  0:000  - [02]: Volume: PciRoot(0x0)\Pci(0x1D,0x0)\Pci(0x0,0x0)\NVMe(0x1,00-00-00-00-00-00-00-00)\HD(2,GPT,8730F4F3-32A9-44AB-B4A5-D4853215FB2E,0x64028,0x1DC8F260)
26:518  0:000          Result of bootcode detection: bootable unknown (legacy)
26:518  0:000  - [03]: Volume: PciRoot(0x0)\Pci(0x1D,0x6)\Pci(0x0,0x0)
26:518  0:000  - [04]: Volume: PciRoot(0x0)\Pci(0x1D,0x0)\Pci(0x0,0x0)\NVMe(0x1,00-00-00-00-00-00-00-00)\HD(2,GPT,8730F4F3-32A9-44AB-B4A5-D4853215FB2E,0x64028,0x1DC8F260)\VenMedia(BE74FCF7-0B7C-49F3-9147-01F4042E6842,262A0318C29F4F419A97DC44EB6530D1)
26:518  0:000          hiding this volume
26:518  0:000  - [05]: Volume: PciRoot(0x0)\Pci(0x1D,0x0)\Pci(0x0,0x0)\NVMe(0x1,00-00-00-00-00-00-00-00)\HD(2,GPT,8730F4F3-32A9-44AB-B4A5-D4853215FB2E,0x64028,0x1DC8F260)\VenMedia(BE74FCF7-0B7C-49F3-9147-01F4042E6842,A3323D5C356CFC4088E392D543E0BF74)
26:518  0:000  - [06]: Volume: PciRoot(0x0)\Pci(0x1D,0x0)\Pci(0x0,0x0)\NVMe(0x1,00-00-00-00-00-00-00-00)\HD(2,GPT,8730F4F3-32A9-44AB-B4A5-D4853215FB2E,0x64028,0x1DC8F260)\VenMedia(BE74FCF7-0B7C-49F3-9147-01F4042E6842,7E19DE8B3D559F4A9D8C67A25553BA1F)
26:518  0:000          hiding this volume
26:518  0:000  - [07]: Volume: PciRoot(0x0)\Pci(0x1D,0x0)\Pci(0x0,0x0)\NVMe(0x1,00-00-00-00-00-00-00-00)\HD(2,GPT,8730F4F3-32A9-44AB-B4A5-D4853215FB2E,0x64028,0x1DC8F260)\VenMedia(BE74FCF7-0B7C-49F3-9147-01F4042E6842,5AEBEC4C045F434EBF31BDEFDAA938C8)
26:518  0:000  found 2 handles with audio
26:519  0:000  No AudioIoDevice stored
26:519  0:000  no stored audio parameters
26:519  0:000  theme inited
26:519  0:000  Chosen theme Hackintosh_ID
26:519  0:000  after NVRAM boot-args=dart=0 darkwake=0
26:519  0:000  === [ ScanLoader ] ========================================
26:519  0:000  - [01]: 'EFI'
26:519  0:000          AddLoaderEntry for Volume Name=EFI
26:519  0:000          skipped because entry is hidden
26:519  0:000  - [04]: 'Preboot', hidden
26:519  0:000  - [05]: 'HackintoshHD'
26:520  0:000          AddLoaderEntry for Volume Name=HackintoshHD
26:520  0:000      Check if volume Is Hibernated:
26:520  0:000      Check sleep image 'by signature':
26:521  0:000      read prefs \Library\Preferences\com.apple.PowerManagement.plist status=Success
26:521  0:000      using default sleep image name = \private\var\vm\sleepimage
26:521  0:000      sleepimage not found -> Not Found
26:521  0:000      hibernated: no - sign
26:523  0:002  - [06]: 'Recovery', hidden
26:523  0:000  - [07]: 'VM'
26:523  0:000  Scanning legacy ...
26:523  0:000  === [ AddCustomTool ] =====================================
26:523  0:000  found tool \EFI\CLOVER\tools\Shell64U.efi
26:523  0:000  Checking EFI partition Volume 1 for Clover
26:523  0:000   Found Clover
26:523  0:000  EmuVariable UninstallEmulation: CloseEvent = Invalid Parameter, original var services restored
26:523  0:000  EmuVariable InstallEmulation: orig vars copied, emu.var.services installed, CreateEvent VirtualAddressChange = Success, CreateEvent ExitBootServices = Success, set Status=Success
26:564  0:040  === [ GetEfiBootDeviceFromNvram ] =========================
26:564  0:000   - found entry 0. 'Boot macOS from HackintoshHD', Volume 'HackintoshHD', DevicePath 'PciRoot(0x0)\Pci(0x1D,0x0)\Pci(0x0,0x0)\NVMe(0x1,00-00-00-00-00-00-00-00)\HD(2,GPT,8730F4F3-32A9-44AB-B4A5-D4853215FB2E,0x64028,0x1DC8F260)\VenMedia(BE74FCF7-0B7C-49F3-9147-01F4042E6842,A3323D5C356CFC4088E392D543E0BF74)\System\Library\CoreServices\boot.efii'
26:564  0:000  EmuVariable UninstallEmulation: CloseEvent = Success, original var services restored
26:564  0:000  DefaultIndex=0 and MainMenu.EntryCount=7
26:564  0:000  SetScreenResolution: 1280x1024 - already set
78:620  52:056  EDITED: 
84:352  5:732  BootVariable of the entry is empty
84:352  0:000  === [ StartLoader ] =======================================
84:352  0:000  Finally: ExternalClock=26MHz BusSpeed=100460kHz CPUFreq=2712MHz PIS: hw.busfrequency=104000000Hz
84:353  0:000  Loading boot.efi  status=Success
84:430  0:077  GetOSVersion: 10.14.6 (18G103)
84:430  0:000  CSR_CFG: CSR_ALLOW_UNTRUSTED_KEXTS | CSR_ALLOW_UNRESTRICTED_FS | CSR_ALLOW_TASK_FOR_PID | CSR_ALLOW_UNRESTRICTED_DTRACE | CSR_ALLOW_UNRESTRICTED_NVRAM
84:430  0:000  Filtering KextPatches:
84:430  0:000   - [00]: com.apple.iokit.IOAHCIBlockStorage (Enable TRIM for SSD) :: BinPatch :: [OS: 10.14.6 | MatchOS: All | MatchBuild: All] ==> disabled by user
84:430  0:000  Filtering KernelPatches:
84:430  0:000   - [00]: MSR 0xE2 _xcpm_idle instant reboot(c) Pike R. Alpha :: [OS: 10.14.6 | MatchOS: All | MatchBuild: no] ==> allowed by OS
84:430  0:000   - [01]: Disable panic kext logging on 10.14 release kernel (credit vit9696) :: [OS: 10.14.6 | MatchOS: 10.14.x | MatchBuild: no] ==> allowed by OS
84:430  0:000  Will not patch boot.efi
84:430  0:000  EmuVariable InstallEmulation: orig vars copied, emu.var.services installed, CreateEvent VirtualAddressChange = Success, CreateEvent ExitBootServices = Success, set Status=Success
84:471  0:040  === [ PatchSmbios ] =======================================
84:471  0:000  insert table 9 for dev 1F:6
84:471  0:000  insert table 9 for dev 14:3
84:473  0:001  Trusting SMBIOS...
84:473  0:000  Detected alternating SMBIOS channel banks
84:473  0:000  Channels: 2
84:473  0:000  Interleave: 0 2 1 3 4 6 5 7 8 10 9 11 12 14 13 15 16 18 17 19 20 22 21 23
84:473  0:000   partNum=99P5663-001.A00G    
84:473  0:000  SMBIOS Type 17 Index = 0 => 0 0:
84:473  0:000  BANK 0 DIMM0 2400MHz 16384MB
84:473  0:000   partNum=99P5663-001.A00G    
84:473  0:000  SMBIOS Type 17 Index = 1 => 1 2:
84:473  0:000  BANK 1 DIMM0 2400MHz 16384MB
84:473  0:000  mTotalSystemMemory = 32768
84:473  0:000  NumberOfMemoryDevices = 2
84:473  0:000  Type20[0]->End = 0xFFFFFF, Type17[0] = 0x4000
84:473  0:000  Type20[1]->End = 0x1FFFFFF, Type17[1] = 0xC000
84:473  0:000  Table 131 is present, CPUType=31
84:473  0:000  Change to: 705
84:473  0:000  === [ PatchACPI ] =========================================
84:473  0:000  Xsdt reallocation done
84:473  0:000  old FADT length=114
84:473  0:000   SignatureFixup: 0x7C3EBC49 -> 0x7C3EBC49
84:473  0:000  Apply DsdtFixMask=0x00200000
84:473  0:000     drop _DSM mask=0x0000
84:473  0:000  === [ FixBiosDsdt ] =======================================
84:474  0:000  Patching DSDT:
84:474  0:000   - [Fix RTC _STA bug]: pattern A00A9353, patched at: [ (140C7) ]
84:474  0:000   - [change _OSI to XOSI]: pattern 5F4F5349, patched at: [ (AE53) (CAED) (3) (18) (1C) (1C) (1A) (18) (18) (18) (18) ]
84:474  0:000   - [change H_EC to EC]: pattern 485F4543, patched at: [ (8BD) (53E) (E3C0) (10) (7997) (15) (9C4) (16) (16) (33) (FFE) (12) (F) (19) (12) (F) (1698E) (24) (11D62) (64F) ]
84:474  0:000   - [change GFX0 to IGPU]: pattern 47465830, patched at: [ (52) (E) (12) (12) (12) (5E) (12) (77) (12) (C89) (12) (3675) (6B1F) (BBC2) (1B) (3AEF) (14) (109A2) (1B84) (1418B) ]
84:475  0:000   - [change HECI to IMEI]: pattern 48454349, patched at: [ (13CBD) (175D8) (1FAE) ]
84:475  0:000   - [change SAT0 to SATA]: pattern 53415430, patched at: [ (97F) (12) (1CA) (16) (16) (16) (16) (16) (16) (16) (16) (16) (16) (16) (26) (590) (16) (16) (16) (16) (16) (ECC0) (22B3) (27) (28) (28) (28) (28) (28) (29) (29) (29) (29) (29) (31) (27) (28) (28) (28) (28) (28) (29) (29) (29) (29) (29) (20E4) (169C6) (1A00) (21) (10B) (4D1) (1CF) (20) (20) (20) (20) (20) (2D) (20) (20) (20) (20) (20) (2D) (29) (2E) (2E) (2E) ]
84:475  0:000   - [change HDAS to HDEF]: pattern 48444153, patched at: [ (8FF) (12) (12) (EB27) (76) (3F) (66) (A7) (DB) (89) (1BB79) (19D0) (AD63) (8FCC) ]
84:476  0:000   - [change _DSM to XDSM]: pattern 5F44534D, patched at: [ (44E2) (E3D) (3A4) (3A4) (3A4) (3A4) (3A4) (3A4) (3A4) (3A4) (3A4) (3A4) (3A4) (3A4) (3A4) (3A4) (3A4) (3A4) (3A4) (3A4) (3A4) (3A4) (3A4) (3A4) (3A4) (3F2D) (76) (49C) (B) (48A) (5F1) (11) (6B) (22) (22) (3C) (18) (36) (814) (26F0) (E3) (E3) (60E) (C0) (C0) (C0) (C0) (C0) (C0) (C0) (C0) (FC) (106) (106) (152) (2D7) (9E) (58) (2A61) (1FA1) (2C10) (CC0) (CC0) (CC0) (CC0) (CC0) (CC0) (CC0) (CC0) (CC0) (CC0) (CC0) (CC0) (CC0) (CC0) (CC0) (CC0) (CC0) (CC0) (CC0) (3445) (2D3A) (2E4) (2E3) (2E3) (2EC) (283) (284) (284) (553) (979) (97C) (97C) (6E7) (1F0) (14D) (8BB) (364) (BE) (34D) (364) (BE) (332) (364) (BE) (332) (364) (BE) (1B6) (102) (110) (AAA7) ]
84:476  0:000   - [change XDCI._STA to XDCI.XSTA]:  0 replacements
84:479  0:002  PreCleanup XSDT: count=22, length=212
84:479  0:000  PreCleanup XSDT, corrected XSDT: count=22, length=212
84:479  0:000  === [ ACPIPatchedAML ] ====================================
84:479  0:000  AutoMerge pass 1
84:479  0:000  Unsorted
84:479  0:000  Inserting SSDT-NUC8-BC.aml from EFI\CLOVER\ACPI\patched: ignore on pass 1
84:479  0:000  === [ ACPIDropTables ] ====================================
84:479  0:000  0. [Fix RTC _STA bug]: pattern A00A9353, bin not found / already patched!
84:479  0:000  1. [change _OSI to XOSI]: pattern 5F4F5349, bin not found / already patched!
84:479  0:000  2. [change H_EC to EC]: pattern 485F4543, bin not found / already patched!
84:479  0:000  3. [change GFX0 to IGPU]: pattern 47465830, bin not found / already patched!
84:479  0:000  4. [change HECI to IMEI]: pattern 48454349, bin not found / already patched!
84:479  0:000  5. [change SAT0 to SATA]: pattern 53415430, bin not found / already patched!
84:479  0:000  6. [change HDAS to HDEF]: pattern 48444153, bin not found / already patched!
84:479  0:000  7. [change _DSM to XDSM]: pattern 5F44534D, bin not found / already patched!
84:479  0:000  8. [change XDCI._STA to XDCI.XSTA]: pattern 5F535441, bin not found / already patched!
84:479  0:000    0 replacements
84:479  0:000  Found OperationRegion(PNVS, SystemMemory, 7ADF7000, ...)
84:479  0:000  0. [Fix RTC _STA bug]: pattern A00A9353, bin not found / already patched!
84:479  0:000  1. [change _OSI to XOSI]: pattern 5F4F5349, bin not found / already patched!
84:479  0:000  2. [change H_EC to EC]: pattern 485F4543, bin not found / already patched!
84:479  0:000  3. [change GFX0 to IGPU]: pattern 47465830, patched at: [ (2D) (3A) (46) (2C1) (1C9A) (A3A) (1D) (6AF) ]
84:479  0:000  4. [change HECI to IMEI]: pattern 48454349, bin not found / already patched!
84:479  0:000  5. [change SAT0 to SATA]: pattern 53415430, bin not found / already patched!
84:479  0:000  6. [change HDAS to HDEF]: pattern 48444153, bin not found / already patched!
84:479  0:000  7. [change _DSM to XDSM]: pattern 5F44534D, patched at: [ (2C92) (4D2) ]
84:479  0:000  8. [change XDCI._STA to XDCI.XSTA]: pattern 5F535441, patched at: [ (313F) ]
84:479  0:000    0 replacements
84:479  0:000  Found OperationRegion(SANV, SystemMemory, 7A274118, ...)
84:479  0:000  0. [Fix RTC _STA bug]: pattern A00A9353, bin not found / already patched!
84:479  0:000  1. [change _OSI to XOSI]: pattern 5F4F5349, bin not found / already patched!
84:479  0:000  2. [change H_EC to EC]: pattern 485F4543, patched at: [ (206) (16) (16) (16) (16) (16) (16) (16) (4E2) (22) (18) (20) (18) (15) (15) (13) (25F) (14) ]
84:479  0:000  3. [change GFX0 to IGPU]: pattern 47465830, bin not found / already patched!
84:479  0:000  4. [change HECI to IMEI]: pattern 48454349, bin not found / already patched!
84:479  0:000  5. [change SAT0 to SATA]: pattern 53415430, bin not found / already patched!
84:479  0:000  6. [change HDAS to HDEF]: pattern 48444153, bin not found / already patched!
84:479  0:000  7. [change _DSM to XDSM]: pattern 5F44534D, bin not found / already patched!
84:479  0:000  8. [change XDCI._STA to XDCI.XSTA]: pattern 5F535441, patched at: [ (335) (9D) (9D) (9E) (9E) ]
84:479  0:000    0 replacements
84:479  0:000  0. [Fix RTC _STA bug]: pattern A00A9353, bin not found / already patched!
84:479  0:000  1. [change _OSI to XOSI]: pattern 5F4F5349, bin not found / already patched!
84:479  0:000  2. [change H_EC to EC]: pattern 485F4543, bin not found / already patched!
84:479  0:000  3. [change GFX0 to IGPU]: pattern 47465830, bin not found / already patched!
84:479  0:000  4. [change HECI to IMEI]: pattern 48454349, bin not found / already patched!
84:479  0:000  5. [change SAT0 to SATA]: pattern 53415430, bin not found / already patched!
84:479  0:000  6. [change HDAS to HDEF]: pattern 48444153, bin not found / already patched!
84:479  0:000  7. [change _DSM to XDSM]: pattern 5F44534D, bin not found / already patched!
84:479  0:000  8. [change XDCI._STA to XDCI.XSTA]: pattern 5F535441, bin not found / already patched!
84:479  0:000    0 replacements
84:479  0:000  0. [Fix RTC _STA bug]: pattern A00A9353, bin not found / already patched!
84:480  0:000  1. [change _OSI to XOSI]: pattern 5F4F5349, bin not found / already patched!
84:480  0:000  2. [change H_EC to EC]: pattern 485F4543, patched at: [ (24) (57) (16) (16) (16) (16) (16) (16) (16) (16) (28) (16) (16) (16) (16) (16) (16) (16) (16) (16) (16) (16) (16) (16) (16) (16) (16) (16) (16) (16) (16) (16) (16) (16) (16) (16) (16) (16) (16) (16) (16) (16) (16) (16) (16) (16) (16) (16) (16) (16) (16) (16) (16) (16) (16) (16) (16) (16) (16) (16) (16) (16) (16) (16) (16) (16) (16) (16) (16) (16) (16) (16) (16) (16) (16) (95B) (16) (14) (21) (14) (21) (14) (21) (14) (22) (14) (25) (14) (25) (14) (13A) (16) (14) (21) (14) (21) (14) (21) (14) (21) (14) (22) (14) (25) (14) (25) (14) (B3) (15) (14) (1B) (14) (1D) (14) (1E) (14) (1C) (14) (1C) (14) (1C) (14) (1C) (14) (1C) (14) (1C) (14) (1C) (14) (1C) (14) (1C) (14) (1C) (14) (1C) (14) (35) (14) (16) (14) (44) (4E) (14) (1B) (14) (1B) (14) (4C) (14) (1B) (14) (AA) (15) (14) (1C) (14) (1C) (14) (1C) (14) (1C) (14) (1C) (14) (1C) (14) (1C) (14) (1C) (14) (1C) (14) (1C) (14) (1C) (14) (1C) (14) (1C) (14) (1C) (14) (1C) (14) (1C) (14) (1C) (14) (1C) (14) (1C) (14) (3A) (14) (1A) (13) (1A) (13) (1A) (13) (1A) (13) (1A) (13) (1A) (13) (1A) (13) (1A) (13) (1A) (13) (1A) (13) (1A) (13) (1A) (13) (1A) (13) (1A) (13) (1A) (13) (1A) (13) (1A) (13) (1A) (13) (1A) (13) (1A) (13) (21) (14) (21) (14) (23) (15) (14) (25) (15) (14) (19) (14) (1D) (14) (1D) (14) ]
84:480  0:000  3. [change GFX0 to IGPU]: pattern 47465830, bin not found / already patched!
84:480  0:000  4. [change HECI to IMEI]: pattern 48454349, bin not found / already patched!
84:480  0:000  5. [change SAT0 to SATA]: pattern 53415430, bin not found / already patched!
84:480  0:000  6. [change HDAS to HDEF]: pattern 48444153, bin not found / already patched!
84:480  0:000  7. [change _DSM to XDSM]: pattern 5F44534D, bin not found / already patched!
84:480  0:000  8. [change XDCI._STA to XDCI.XSTA]: pattern 5F535441, patched at: [ (846) ]
84:480  0:000    0 replacements
84:480  0:000  0. [Fix RTC _STA bug]: pattern A00A9353, bin not found / already patched!
84:480  0:000  1. [change _OSI to XOSI]: pattern 5F4F5349, bin not found / already patched!
84:480  0:000  2. [change H_EC to EC]: pattern 485F4543, bin not found / already patched!
84:480  0:000  3. [change GFX0 to IGPU]: pattern 47465830, bin not found / already patched!
84:480  0:000  4. [change HECI to IMEI]: pattern 48454349, bin not found / already patched!
84:480  0:000  5. [change SAT0 to SATA]: pattern 53415430, bin not found / already patched!
84:480  0:000  6. [change HDAS to HDEF]: pattern 48444153, bin not found / already patched!
84:480  0:000  7. [change _DSM to XDSM]: pattern 5F44534D, bin not found / already patched!
84:480  0:000  8. [change XDCI._STA to XDCI.XSTA]: pattern 5F535441, bin not found / already patched!
84:480  0:000    0 replacements
84:480  0:000  0. [Fix RTC _STA bug]: pattern A00A9353, bin not found / already patched!
84:480  0:000  1. [change _OSI to XOSI]: pattern 5F4F5349, bin not found / already patched!
84:480  0:000  2. [change H_EC to EC]: pattern 485F4543, bin not found / already patched!
84:480  0:000  3. [change GFX0 to IGPU]: pattern 47465830, bin not found / already patched!
84:480  0:000  4. [change HECI to IMEI]: pattern 48454349, bin not found / already patched!
84:480  0:000  5. [change SAT0 to SATA]: pattern 53415430, bin not found / already patched!
84:480  0:000  6. [change HDAS to HDEF]: pattern 48444153, bin not found / already patched!
84:480  0:000  7. [change _DSM to XDSM]: pattern 5F44534D, bin not found / already patched!
84:480  0:000  8. [change XDCI._STA to XDCI.XSTA]: pattern 5F535441, bin not found / already patched!
84:480  0:000    0 replacements
84:480  0:000  Found OperationRegion(ADHD, SystemMemory, 79A22000, ...)
84:480  0:000  Found OperationRegion(ABLK, SystemMemory, 79A22020, ...)
84:480  0:000  === [ ACPIPatchedAML ] ====================================
84:480  0:000  AutoMerge pass 2
84:480  0:000  Unsorted
84:480  0:000  Inserting SSDT-NUC8-BC.aml from EFI\CLOVER\ACPI\patched: size=3826 ... Success
84:480  0:000  CPUBase=0 and ApicCPUBase=1 ApicCPUNum=1
84:480  0:000  Maximum control=0x1B
84:480  0:000  Turbo control=0x2D
84:480  0:000  P-States: min 0x4, max 0x2D
84:480  0:000  SSDT with plugin-type without P-States is generated
84:480  0:000  Cleanup XSDT: count=24, length=228
84:480  0:000  corrected XSDT count=24, length=228
84:480  0:000  === [ RestSetup macOS ] ===================================
84:480  0:000  EdidDiscovered size=0
84:480  0:000  add device: PciRoot(0x0)/Pci(0x1F,0x3)
84:480  0:000  add device: PciRoot(0x0)/Pci(0x2,0x0)
84:480  0:000     Add key=framebuffer-patch-enable valuelen=4
84:480  0:000     Add key=framebuffer-con1-type valuelen=4
84:480  0:000     Add key=framebuffer-con1-enable valuelen=4
84:480  0:000  Intel GFX injection not set
84:481  0:000   RCBA disabled; cannot use it
84:481  0:000  stringlength = 614
84:481  0:000  CurrentMode: Width=1280 Height=1024
84:481  0:000  Beginning FSInjection
FSInjectionInstall ...
- Our FSI_SIMPLE_FILE_SYSTEM_PROTOCOL installed on handle: 74AF9798
FSInjectionInstall ...
- Our FSI_SIMPLE_FILE_SYSTEM_PROTOCOL installed on handle: 74AF9798
84:481  0:000  Use origin smbios table type 1 guid.
84:486  0:004  Preparing kexts injection for arch=x86_64 from EFI\CLOVER\kexts\Other
84:486  0:000  Extra kext: EFI\CLOVER\kexts\Other\VirtualSMC.kext (v.1.0.8)
84:488  0:002  Extra kext: EFI\CLOVER\kexts\Other\SMCSuperIO.kext (v.1.0.8)
84:490  0:001  Extra kext: EFI\CLOVER\kexts\Other\SMCProcessor.kext (v.1.0.8)
84:491  0:001  Extra kext: EFI\CLOVER\kexts\Other\SMCLightSensor.kext (v.1)
84:493  0:001  Extra kext: EFI\CLOVER\kexts\Other\SMCBatteryManager.kext (v.1)
84:495  0:001  Extra kext: EFI\CLOVER\kexts\Other\CPUFriend.kext (v.1.1.9)
84:496  0:001  Extra kext: EFI\CLOVER\kexts\Other\LPCSensors.kext (v.1440)
84:506  0:009  Extra kext: EFI\CLOVER\kexts\Other\GPUSensors.kext (v.1440)
84:508  0:001  Extra kext: EFI\CLOVER\kexts\Other\CPUSensors.kext (v.1440)
84:509  0:001  Extra kext: EFI\CLOVER\kexts\Other\ACPISensors.kext (v.1440)
84:511  0:002  Extra kext: EFI\CLOVER\kexts\Other\FakeSMC_CPUSensors.kext (v.1800)
84:513  0:001  Extra kext: EFI\CLOVER\kexts\Other\FakeSMC_ACPISensors.kext (v.1800)
84:515  0:001  Extra kext: EFI\CLOVER\kexts\Other\USBPorts.kext (v.1.0)
84:515  0:000  Extra kext: EFI\CLOVER\kexts\Other\FakeSMC.kext (v.1440)
84:517  0:001  Extra kext: EFI\CLOVER\kexts\Other\FakePCIID.kext (v.1.3.15)
84:519  0:001  Extra kext: EFI\CLOVER\kexts\Other\WhateverGreen.kext (v.1.3.3)
84:522  0:002  Extra kext: EFI\CLOVER\kexts\Other\FakePCIID_Intel_HDMI_Audio.kext (v.1.3.15)
84:523  0:001  Extra kext: EFI\CLOVER\kexts\Other\IntelMausiEthernet.kext (v.2.5.0d0)
84:525  0:001  Extra kext: EFI\CLOVER\kexts\Other\AppleALC.kext (v.1.4.2)
84:594  0:069  Extra kext: EFI\CLOVER\kexts\Other\SATA-unsupported.kext (v.0.9.2)
84:596  0:001  Extra kext: EFI\CLOVER\kexts\Other\Lilu.kext (v.1.3.8)
84:598  0:002  Preparing kexts injection for arch=x86_64 from EFI\CLOVER\kexts\10.14
84:600  0:001  SetScreenResolution: 1280x1024 - already set
84:600  0:000  Custom boot is disabled
84:600  0:000  Closing log
